0 verbose cli C:\Program Files\nodejs\node.exe C:\Users\Bhumika\AppData\Roaming\npm\node_modules\npm\bin\npm-cli.js
1 info using npm@11.12.1
2 info using node@v24.14.1
3 silly config load:file:C:\Users\Bhumika\AppData\Roaming\npm\node_modules\npm\npmrc
4 silly config load:file:C:\Users\Bhumika\Downloads\files\.npmrc
5 silly config load:file:C:\Users\Bhumika\.npmrc
6 silly config load:file:C:\Users\Bhumika\AppData\Roaming\npm\etc\npmrc
7 verbose title npm install
8 verbose argv "install" "--no-audit" "--no-fund" "--loglevel" "warn" "--cache" ".\\.npm-cache"
9 verbose logfile logs-max:10 dir:C:\Users\Bhumika\Downloads\files\.npm-cache\_logs\2026-05-12T08_12_23_764Z-
10 verbose logfile C:\Users\Bhumika\Downloads\files\.npm-cache\_logs\2026-05-12T08_12_23_764Z-debug-0.log
11 silly logfile done cleaning log files
12 silly packumentCache heap:4496293888 maxSize:1124073472 maxEntrySize:562036736
13 silly idealTree buildDeps
14 silly reify moves {}
15 http fetch GET 200 https://registry.npmjs.org/npm 788ms
16 verbose cwd C:\Users\Bhumika\Downloads\files
17 verbose os Windows_NT 10.0.26200
18 verbose node v24.14.1
19 verbose npm  v11.12.1
20 notice
20 notice New minor version of npm available! 11.12.1 -> 11.14.1
20 notice Changelog: https://github.com/npm/cli/releases/tag/v11.14.1
20 notice To update run: npm install -g npm@11.14.1
20 notice  { force: true, Symbol(proc-log.meta): true }
21 verbose exit 0
22 info ok
